#
# There is insufficient memory for the Java Runtime Environment to continue.
# Native memory allocation (mmap) failed to map 257949696 bytes for G1 virtual space
# Possible reasons:
#   The system is out of physical RAM or swap space
#   The process is running with CompressedOops enabled, and the Java Heap may be blocking the growth of the native heap
# Possible solutions:
#   Reduce memory load on the system
#   Increase physical memory or swap space
#   Check if swap backing store is full
#   Decrease Java heap size (-Xmx/-Xms)
#   Decrease number of Java threads
#   Decrease Java thread stack sizes (-Xss)
#   Set larger code cache with -XX:ReservedCodeCacheSize=
#   JVM is running with Zero Based Compressed Oops mode in which the Java heap is
#     placed in the first 32GB address space. The Java Heap base address is the
#     maximum limit for the native heap growth. Please use -XX:HeapBaseMinAddress
#     to set the Java Heap base and to place the Java Heap above 32GB virtual address.
# This output file may be truncated or incomplete.
#
#  Out of Memory Error (os_windows.cpp:3747), pid=2032, tid=15720
#
# JRE version:  (17.0.3+7) (build )
# Java VM: OpenJDK 64-Bit Server VM (17.0.3+7-b469.37, mixed mode, sharing, tiered, compressed oops, compressed class ptrs, g1 gc, windows-amd64)
# No core dump will be written. Minidumps are not enabled by default on client versions of Windows
#

---------------  S U M M A R Y ------------

Command Line: git4idea.http.GitAskPassApp Username for 'https://gitee.com': 

Host: AMD Ryzen 7 4800H with Radeon Graphics         , 16 cores, 15G,  Windows 10 , 64 bit Build 19041 (10.0.19041.3031)
Time: Mon Jul  3 22:47:20 2023  Windows 10 , 64 bit Build 19041 (10.0.19041.3031) elapsed time: 0.013459 seconds (0d 0h 0m 0s)

---------------  T H R E A D  ---------------

Current thread (0x00000265cf60aea0):  JavaThread "Unknown thread" [_thread_in_vm, id=15720, stack(0x00000086baa00000,0x00000086bab00000)]

Stack: [0x00000086baa00000,0x00000086bab00000]
Native frames: (J=compiled Java code, j=interpreted, Vv=VM code, C=native code)
V  [jvm.dll+0x681f8a]
V  [jvm.dll+0x83e374]
V  [jvm.dll+0x83fb1e]
V  [jvm.dll+0x840183]
V  [jvm.dll+0x2492a5]
V  [jvm.dll+0x67ee59]
V  [jvm.dll+0x67355a]
V  [jvm.dll+0x308fab]
V  [jvm.dll+0x310466]
V  [jvm.dll+0x3601de]
V  [jvm.dll+0x36040f]
V  [jvm.dll+0x2df098]
V  [jvm.dll+0x2e0004]
V  [jvm.dll+0x80fc61]
V  [jvm.dll+0x36df61]
V  [jvm.dll+0x7ef17c]
V  [jvm.dll+0x3f10ef]
V  [jvm.dll+0x3f2c31]
C  [jli.dll+0x526b]
C  [ucrtbase.dll+0x21bb2]
C  [KERNEL32.DLL+0x17614]
C  [ntdll.dll+0x526f1]


---------------  P R O C E S S  ---------------

Threads class SMR info:
_java_thread_list=0x00007ffe26bd6f18, length=0, elements={
}

Java Threads: ( => current thread )

Other Threads:
  0x00000265cf6767a0 GCTaskThread "GC Thread#0" [stack: 0x00000086bab00000,0x00000086bac00000] [id=16864]
  0x00000265cf687cf0 ConcurrentGCThread "G1 Main Marker" [stack: 0x00000086bac00000,0x00000086bad00000] [id=22004]
  0x00000265cf68a610 ConcurrentGCThread "G1 Conc#0" [stack: 0x00000086bad00000,0x00000086bae00000] [id=14016]

[error occurred during error reporting (printing all threads), id 0xc0000005, EXCEPTION_ACCESS_VIOLATION (0xc0000005) at pc=0x00007ffe2638fc57]

VM state: not at safepoint (not fully initialized)

VM Mutex/Monitor currently owned by a thread:  ([mutex/lock_event])
[0x00000265cf606d60] Heap_lock - owner thread: 0x00000265cf60aea0

Heap address: 0x000000070a000000, size: 3936 MB, Compressed Oops mode: Zero based, Oop shift amount: 3

CDS archive(s) mapped at: [0x0000000000000000-0x0000000000000000-0x0000000000000000), size 0, SharedBaseAddress: 0x0000000800000000, ArchiveRelocationMode: 0.
Narrow klass base: 0x0000000000000000, Narrow klass shift: 0, Narrow klass range: 0x0

GC Precious Log:
<Empty>

Heap:
 garbage-first heap   total 0K, used 0K [0x000000070a000000, 0x0000000800000000)
  region size 2048K, 0 young (0K), 0 survivors (0K)

[error occurred during error reporting (printing heap information), id 0xc0000005, EXCEPTION_ACCESS_VIOLATION (0xc0000005) at pc=0x00007ffe2677bbd9]

GC Heap History (0 events):
No events

Deoptimization events (0 events):
No events

Classes unloaded (0 events):
No events

Classes redefined (0 events):
No events

Internal exceptions (0 events):
No events

VM Operations (0 events):
No events

Events (1 events):
Event: 0.007 Loaded shared library D:\JAVA\IntelliJ IDEA 2022.2.1\jbr\bin\java.dll


Dynamic libraries:
0x00007ff77c050000 - 0x00007ff77c05a000 	D:\JAVA\IntelliJ IDEA 2022.2.1\jbr\bin\java.exe
0x00007ffe96410000 - 0x00007ffe96608000 	C:\WINDOWS\SYSTEM32\ntdll.dll
0x00007ffe94470000 - 0x00007ffe9452f000 	C:\WINDOWS\System32\KERNEL32.DLL
0x00007ffe94110000 - 0x00007ffe94406000 	C:\WINDOWS\System32\KERNELBASE.dll
0x00007ffe93d10000 - 0x00007ffe93e10000 	C:\WINDOWS\System32\ucrtbase.dll
0x00007ffe68f90000 - 0x00007ffe68fa7000 	D:\JAVA\IntelliJ IDEA 2022.2.1\jbr\bin\jli.dll
0x00007ffe4d8e0000 - 0x00007ffe4d8fb000 	D:\JAVA\IntelliJ IDEA 2022.2.1\jbr\bin\VCRUNTIME140.dll
0x00007ffe94d40000 - 0x00007ffe94edd000 	C:\WINDOWS\System32\USER32.dll
0x00007ffe94410000 - 0x00007ffe94432000 	C:\WINDOWS\System32\win32u.dll
0x00007ffe946f0000 - 0x00007ffe9471c000 	C:\WINDOWS\System32\GDI32.dll
0x00007ffe93bf0000 - 0x00007ffe93d05000 	C:\WINDOWS\System32\gdi32full.dll
0x00007ffe93e10000 - 0x00007ffe93ead000 	C:\WINDOWS\System32\msvcp_win.dll
0x00007ffe86530000 - 0x00007ffe867ca000 	C:\WINDOWS\WinSxS\amd64_microsoft.windows.common-controls_6595b64144ccf1df_6.0.19041.1110_none_60b5254171f9507e\COMCTL32.dll
0x00007ffe94530000 - 0x00007ffe945ce000 	C:\WINDOWS\System32\msvcrt.dll
0x00007ffe95700000 - 0x00007ffe95730000 	C:\WINDOWS\System32\IMM32.DLL
0x00007ffe89e70000 - 0x00007ffe89e7c000 	D:\JAVA\IntelliJ IDEA 2022.2.1\jbr\bin\vcruntime140_1.dll
0x00007ffe4d340000 - 0x00007ffe4d3cd000 	D:\JAVA\IntelliJ IDEA 2022.2.1\jbr\bin\msvcp140.dll
0x00007ffe260a0000 - 0x00007ffe26d08000 	D:\JAVA\IntelliJ IDEA 2022.2.1\jbr\bin\server\jvm.dll
0x00007ffe962c0000 - 0x00007ffe9636f000 	C:\WINDOWS\System32\ADVAPI32.dll
0x00007ffe94650000 - 0x00007ffe946ec000 	C:\WINDOWS\System32\sechost.dll
0x00007ffe96070000 - 0x00007ffe96196000 	C:\WINDOWS\System32\RPCRT4.dll
0x00007ffe950a0000 - 0x00007ffe950a8000 	C:\WINDOWS\System32\PSAPI.DLL
0x00007ffe8f170000 - 0x00007ffe8f179000 	C:\WINDOWS\SYSTEM32\WSOCK32.dll
0x00007ffe94b90000 - 0x00007ffe94bfb000 	C:\WINDOWS\System32\WS2_32.dll
0x00007ffe888f0000 - 0x00007ffe88917000 	C:\WINDOWS\SYSTEM32\WINMM.dll
0x00007ffe8b460000 - 0x00007ffe8b46a000 	C:\WINDOWS\SYSTEM32\VERSION.dll
0x00007ffe92360000 - 0x00007ffe92372000 	C:\WINDOWS\SYSTEM32\kernel.appcore.dll
0x00007ffe87ea0000 - 0x00007ffe87eaa000 	D:\JAVA\IntelliJ IDEA 2022.2.1\jbr\bin\jimage.dll
0x00007ffe91ea0000 - 0x00007ffe92084000 	C:\WINDOWS\SYSTEM32\DBGHELP.DLL
0x00007ffe7aae0000 - 0x00007ffe7ab14000 	C:\WINDOWS\SYSTEM32\dbgcore.DLL
0x00007ffe93f20000 - 0x00007ffe93fa2000 	C:\WINDOWS\System32\bcryptPrimitives.dll
0x00007ffe68f60000 - 0x00007ffe68f85000 	D:\JAVA\IntelliJ IDEA 2022.2.1\jbr\bin\java.dll

dbghelp: loaded successfully - version: 4.0.5 - missing functions: none
symbol engine: initialized successfully - sym options: 0x614 - pdb path: .;D:\JAVA\IntelliJ IDEA 2022.2.1\jbr\bin;C:\WINDOWS\SYSTEM32;C:\WINDOWS\WinSxS\amd64_microsoft.windows.common-controls_6595b64144ccf1df_6.0.19041.1110_none_60b5254171f9507e;D:\JAVA\IntelliJ IDEA 2022.2.1\jbr\bin\server

VM Arguments:
java_command: git4idea.http.GitAskPassApp Username for 'https://gitee.com': 
java_class_path (initial): D:/JAVA/IntelliJ IDEA 2022.2.1/plugins/git4idea/lib/git4idea-rt.jar;D:/JAVA/IntelliJ IDEA 2022.2.1/lib/externalProcess-rt.jar;D:/JAVA/IntelliJ IDEA 2022.2.1/lib/app.jar;D:/JAVA/IntelliJ IDEA 2022.2.1/lib/3rd-party-rt.jar
Launcher Type: SUN_STANDARD

[Global flags]
     intx CICompilerCount                          = 12                                        {product} {ergonomic}
     uint ConcGCThreads                            = 3                                         {product} {ergonomic}
     uint G1ConcRefinementThreads                  = 13                                        {product} {ergonomic}
   size_t G1HeapRegionSize                         = 2097152                                   {product} {ergonomic}
    uintx GCDrainStackTargetSize                   = 64                                        {product} {ergonomic}
   size_t InitialHeapSize                          = 257949696                                 {product} {ergonomic}
   size_t MarkStackSize                            = 4194304                                   {product} {ergonomic}
   size_t MaxHeapSize                              = 4127195136                                {product} {ergonomic}
   size_t MinHeapDeltaBytes                        = 2097152                                   {product} {ergonomic}
   size_t MinHeapSize                              = 8388608                                   {product} {ergonomic}
    uintx NonNMethodCodeHeapSize                   = 7602480                                {pd product} {ergonomic}
    uintx NonProfiledCodeHeapSize                  = 122027880                              {pd product} {ergonomic}
    uintx ProfiledCodeHeapSize                     = 122027880                              {pd product} {ergonomic}
    uintx ReservedCodeCacheSize                    = 251658240                              {pd product} {ergonomic}
     bool SegmentedCodeCache                       = true                                      {product} {ergonomic}
   size_t SoftMaxHeapSize                          = 4127195136                             {manageable} {ergonomic}
     bool UseCompressedClassPointers               = true                           {product lp64_product} {ergonomic}
     bool UseCompressedOops                        = true                           {product lp64_product} {ergonomic}
     bool UseG1GC                                  = true                                      {product} {ergonomic}
     bool UseLargePagesIndividualAllocation        = false                                  {pd product} {ergonomic}

Logging:
Log output configuration:
 #0: stdout all=warning uptime,level,tags
 #1: stderr all=off uptime,level,tags

Environment Variables:
PATH=D:\Program Files\Git\mingw64\libexec\git-core;D:\Program Files\Git\mingw64\libexec\git-core;D:\Program Files\Git\mingw64\bin;D:\Program Files\Git\usr\bin;C:\Users\lv\bin;D:\chrome_driver;C:\Program Files\NVIDIA GPU Computing Toolkit\CUDA\v11.8\bin;C:\Program Files\NVIDIA GPU Computing Toolkit\CUDA\v11.8\libnvvp;D:\VMWARE\bin;C:\Program Files\Java\jdk-11.0.6\bin;C:\Python310\Scripts;C:\Python310;C:\Program Files (x86)\Common Files\Oracle\Java\javapath;C:\ProgramData\Oracle\Java\javapath;C:\Windows\system32;C:\Windows;C:\Windows\System32\Wbem;C:\Windows\System32\WindowsPowerShell\v1.0;C:\Windows\System32\OpenSSH;C:\Program Files\NVIDIA Corporation\NVIDIA NvDLISR;D:\互传\EasyShare\x86;D;D:\互传\EasyShare\x64;%;ystemRoot%\system32;C:\WINDOWS;C:\WINDOWS\System32\Wbem;C:\WINDOWS\System32\WindowsPowerShell\v1.0;C:\WINDOWS\System32\OpenSSH;D:\Quartus\quartus\bin;D:\Quartus\quartus\win;%QESS_ROOTDIR%\bin;C:\ProgramData\chocolatey\bin;C:\Program Files\nodejs;D:\Program Files\Git\cmd;D:\计算机编程\微信小程序\微信web开发者工具\dll;C:\Program Files\Common Files\Oracle\Java\javapath;D:\计算机编程\Gvim\gVimPortable;C:\Program Files (x86)\Tencent\QQ\Bin;D:\计算机编程\vs软件（c++）\Common7\IDE;E:\steam;E:\lol\英雄联盟\TCLS;E:\baidunetdisk\BaiduNetdisk;C:\Users\吕定巍\AppData\Local\QuickQ;D:\软件\Snipaste-2.3.5-Beta-x64;E:\steam\steamapps\common\wallpaper_engine;E:\steam\steamapps\common\7 Days To Die;C:\Program Files\Mozilla Firefox;D:\计算机编程\Python\Scripts;D:\计算机编程\Python;D:\计算机编程\前端\vs code软件\Microsoft VS Code\bin;C:\Users\吕定巍\AppData\Local\Microsoft\WindowsApps;D:\计算机编程\Typora;D:\计算机编程\Python\pycharm\PyCharm Community Edition 2021.2.2\bin;C:\Users\吕定巍\AppData\Local\Programs\Fiddler;C:\Users\吕定巍\AppData\Roaming\npm;D:\计算机编程\MinGW Developer Studio\MinGWStudio\MinGW\bin;D:\软件\Notepad++;C:\Program Files (x86)\NVIDIA Corporation\PhysX\Common;C:\Program Files\MySQL\MySQL Server 8.0\bin;C:\Program Files\dotnet;C:\Program Files\NVIDIA Corpora
USERNAME=吕定巍
DISPLAY=:0.0
LC_ALL=en_US.UTF-8
OS=Windows_NT
PROCESSOR_IDENTIFIER=AMD64 Family 23 Model 96 Stepping 1, AuthenticAMD



---------------  S Y S T E M  ---------------

OS:
 Windows 10 , 64 bit Build 19041 (10.0.19041.3031)
OS uptime: 1 days 13:17 hours

CPU: total 16 (initial active 16) (16 cores per cpu, 2 threads per core) family 23 model 96 stepping 1 microcode 0x0, cx8, cmov, fxsr, ht, mmx, 3dnowpref, sse, sse2, sse3, ssse3, sse4a, sse4.1, sse4.2, popcnt, lzcnt, tsc, tscinvbit, avx, avx2, aes, clmul, bmi1, bmi2, adx, sha, fma, vzeroupper, clflush, clflushopt

Memory: 4k page, system-wide physical 15741M (3456M free)
TotalPageFile size 36221M (AvailPageFile size 226M)
current process WorkingSet (physical memory assigned to process): 10M, peak: 10M
current process commit charge ("private bytes"): 70M, peak: 316M

vm_info: OpenJDK 64-Bit Server VM (17.0.3+7-b469.37) for windows-amd64 JRE (17.0.3+7-b469.37), built on 2022-08-01 by "builduser" with MS VC++ 16.10 / 16.11 (VS2019)

END.
